[2025-03-17T11:49:55.091Z] 🚀 Script started
[2025-03-17T11:49:55.106Z] 📌 Using template: Scottish Power Prime Jan25 S01 V01 A01.mjml
[2025-03-17T11:49:55.108Z] 📄 Template found: C:\Users\bharmsen\source\repos\MJMLSample-email-template\src\streams\Scottish Power Prime Jan25\Scottish Power Prime Jan25 S01 V01 A01.mjml
[2025-03-17T11:49:55.119Z] ✅ Included file: C:\Users\bharmsen\source\repos\MJMLSample-email-template\src\components\Scottish Power Header Shared.mjml
[2025-03-17T11:49:55.121Z] ✅ Included file: C:\Users\bharmsen\source\repos\MJMLSample-email-template\src\components\Scottish Power Footer Shared.mjml
[2025-03-17T11:49:55.153Z] ✅ MJML conversion successful
[2025-03-17T11:49:55.616Z] ✅ Email sent successfully!
[2025-03-17T11:50:42.887Z] 🚀 Script started
[2025-03-17T11:50:42.891Z] 📌 Using template: Scottish Power Prime Jan25 S01 V01 A01.mjml
[2025-03-17T11:50:42.892Z] 📄 Template found: C:\Users\bharmsen\source\repos\MJMLSample-email-template\src\streams\Scottish Power Prime Jan25\Scottish Power Prime Jan25 S01 V01 A01.mjml
[2025-03-17T11:50:42.896Z] ✅ Included file: C:\Users\bharmsen\source\repos\MJMLSample-email-template\src\components\Scottish Power Header Shared.mjml
[2025-03-17T11:50:42.898Z] ✅ Included file: C:\Users\bharmsen\source\repos\MJMLSample-email-template\src\components\Scottish Power Footer Shared.mjml
[2025-03-17T11:50:42.926Z] ✅ MJML conversion successful
[2025-03-17T11:50:43.168Z] ✅ Email sent successfully!
[2025-03-17T14:16:16.009Z] 🚀 Script started
[2025-03-17T14:16:16.011Z] 📌 Using template: Scottish Power Prime Jan25 S01 V01 A01.mjml
[2025-03-17T14:16:16.013Z] 📄 Template found: C:\Users\bharmsen\source\repos\EmailTemplateMJMLToHTMLConverter\src\streams\Scottish Power Prime Jan25\Scottish Power Prime Jan25 S01 V01 A01.mjml
[2025-03-17T14:16:16.021Z] ✅ Included file: C:\Users\bharmsen\source\repos\EmailTemplateMJMLToHTMLConverter\src\components\Scottish Power Header Shared.mjml
[2025-03-17T14:16:16.023Z] ✅ Included file: C:\Users\bharmsen\source\repos\EmailTemplateMJMLToHTMLConverter\src\components\Scottish Power Footer Shared.mjml
[2025-03-17T14:16:16.044Z] ✅ MJML conversion successful
[2025-03-17T14:16:16.488Z] ✅ Email sent successfully!
[2025-03-17T14:23:09.738Z] 🚀 Script started
[2025-03-17T14:23:09.741Z] 📌 Using template: Scottish Power Prime Jan25 S01 V01 A01.mjml
[2025-03-17T14:23:09.742Z] 📄 Template found: C:\Users\bharmsen\source\repos\EmailTemplateMJMLToHTMLConverter\src\streams\Scottish Power Prime Jan25\Scottish Power Prime Jan25 S01 V01 A01.mjml
[2025-03-17T14:23:09.749Z] ✅ Included file: C:\Users\bharmsen\source\repos\EmailTemplateMJMLToHTMLConverter\src\components\Scottish Power Header Shared.mjml
[2025-03-17T14:23:09.752Z] ✅ Included file: C:\Users\bharmsen\source\repos\EmailTemplateMJMLToHTMLConverter\src\components\Scottish Power Footer Shared.mjml
[2025-03-17T14:23:09.772Z] ✅ MJML conversion successful
[2025-03-17T14:23:10.306Z] ✅ Email sent successfully!
[2025-03-17T14:26:07.537Z] 🚀 Script started
[2025-03-17T14:26:07.539Z] 📌 Using template: Scottish Power Prime Jan25 S01 V01 A01.mjml
[2025-03-17T14:26:07.541Z] 📄 Template found: C:\Users\bharmsen\source\repos\EmailTemplateMJMLToHTMLConverter\src\streams\Scottish Power Prime Jan25\Scottish Power Prime Jan25 S01 V01 A01.mjml
[2025-03-17T14:26:07.547Z] ✅ Included file: C:\Users\bharmsen\source\repos\EmailTemplateMJMLToHTMLConverter\src\components\Scottish Power Header Shared.mjml
[2025-03-17T14:26:07.549Z] ✅ Included file: C:\Users\bharmsen\source\repos\EmailTemplateMJMLToHTMLConverter\src\components\Scottish Power Footer Shared.mjml
[2025-03-17T14:26:07.570Z] ✅ MJML conversion successful
[2025-03-17T14:26:07.826Z] ✅ Email sent successfully!
[2025-03-17T14:28:53.702Z] 🚀 Script started
[2025-03-17T14:28:53.704Z] 📌 Using template: Scottish Power Prime Jan25 S01 V01 A01.mjml
[2025-03-17T14:28:53.706Z] 📄 Template found: C:\Users\bharmsen\source\repos\EmailTemplateMJMLToHTMLConverter\src\streams\Scottish Power Prime Jan25\Scottish Power Prime Jan25 S01 V01 A01.mjml
[2025-03-17T14:28:53.714Z] ✅ Included file: C:\Users\bharmsen\source\repos\EmailTemplateMJMLToHTMLConverter\src\components\Scottish Power Header Shared.mjml
[2025-03-17T14:28:53.716Z] ✅ Included file: C:\Users\bharmsen\source\repos\EmailTemplateMJMLToHTMLConverter\src\components\Scottish Power Footer Shared.mjml
[2025-03-17T14:28:53.736Z] ✅ MJML conversion successful
[2025-03-17T14:28:54.196Z] ✅ Email sent successfully!
[2025-03-17T14:30:26.450Z] 🚀 Script started
[2025-03-17T14:30:26.453Z] 📌 Using template: Scottish Power Prime Jan25 S01 V01 A01.mjml
[2025-03-17T14:30:26.454Z] 📄 Template found: C:\Users\bharmsen\source\repos\EmailTemplateMJMLToHTMLConverter\src\streams\Scottish Power Prime Jan25\Scottish Power Prime Jan25 S01 V01 A01.mjml
[2025-03-17T14:30:26.463Z] ✅ Included file: C:\Users\bharmsen\source\repos\EmailTemplateMJMLToHTMLConverter\src\components\Scottish Power Header Shared.mjml
[2025-03-17T14:30:26.465Z] ✅ Included file: C:\Users\bharmsen\source\repos\EmailTemplateMJMLToHTMLConverter\src\components\Scottish Power Footer Shared.mjml
[2025-03-17T14:30:26.487Z] ✅ MJML conversion successful
[2025-03-17T14:30:27.033Z] ✅ Email sent successfully!
[2025-03-17T14:34:21.664Z] 🚀 Script started
[2025-03-17T14:34:21.666Z] 📌 Using template: Scottish Power Prime Jan25 S01 V01 A01.mjml
[2025-03-17T14:34:21.668Z] 📄 Template found: C:\Users\bharmsen\source\repos\EmailTemplateMJMLToHTMLConverter\src\streams\Scottish Power Prime Jan25\Scottish Power Prime Jan25 S01 V01 A01.mjml
[2025-03-17T14:34:21.673Z] ✅ Included file: C:\Users\bharmsen\source\repos\EmailTemplateMJMLToHTMLConverter\src\components\Scottish Power Header Shared.mjml
[2025-03-17T14:34:21.675Z] ✅ Included file: C:\Users\bharmsen\source\repos\EmailTemplateMJMLToHTMLConverter\src\components\Scottish Power Footer Shared.mjml
[2025-03-17T14:34:21.696Z] ✅ MJML conversion successful
[2025-03-17T14:34:22.024Z] ✅ Email sent successfully!
[2025-03-17T14:40:15.847Z] 🚀 Script started
[2025-03-17T14:40:15.849Z] 📌 Using template: Scottish Power Prime Jan25 S01 V01 A01.mjml
[2025-03-17T14:40:15.851Z] 📄 Template found: C:\Users\bharmsen\source\repos\EmailTemplateMJMLToHTMLConverter\src\streams\Scottish Power Prime Jan25\Scottish Power Prime Jan25 S01 V01 A01.mjml
[2025-03-17T14:40:15.855Z] ✅ Included file: C:\Users\bharmsen\source\repos\EmailTemplateMJMLToHTMLConverter\src\components\Scottish Power Header Shared.mjml
[2025-03-17T14:40:15.856Z] ✅ Included file: C:\Users\bharmsen\source\repos\EmailTemplateMJMLToHTMLConverter\src\components\Scottish Power Footer Shared.mjml
[2025-03-17T14:40:15.876Z] ✅ MJML conversion successful
[2025-03-17T14:40:16.306Z] ✅ Email sent successfully!
[2025-03-17T14:45:57.319Z] 🚀 Script started
[2025-03-17T14:45:57.321Z] 📌 Using template: Scottish Power Prime Jan25 S01 V01 A01.mjml
[2025-03-17T14:45:57.323Z] 📄 Template found: C:\Users\bharmsen\source\repos\EmailTemplateMJMLToHTMLConverter\src\streams\Scottish Power Prime Jan25\Scottish Power Prime Jan25 S01 V01 A01.mjml
[2025-03-17T14:45:57.327Z] ✅ Included file: C:\Users\bharmsen\source\repos\EmailTemplateMJMLToHTMLConverter\src\components\Scottish Power Header Shared.mjml
[2025-03-17T14:45:57.329Z] ✅ Included file: C:\Users\bharmsen\source\repos\EmailTemplateMJMLToHTMLConverter\src\components\Scottish Power Footer Shared.mjml
[2025-03-17T14:45:57.352Z] ✅ MJML conversion successful
[2025-03-17T14:45:57.771Z] ✅ Email sent successfully!
